# JRE version: OpenJDK Runtime Environment (8.0_242-b01) (build 1.8.0_242-release-1644-b01)
# Java VM: OpenJDK 64-Bit Server VM (25.242-b01 mixed mode windows-amd64 compressed oops)
Heap:
 PSYoungGen      total 385536K, used 99360K [0x00000000e0000000, 0x0000000100000000, 0x0000000100000000)
  eden space 315392K, 9% used [0x00000000e0000000,0x00000000e1c89750,0x00000000f3400000)
  from space 70144K, 99% used [0x00000000f3400000,0x00000000f787ebc0,0x00000000f7880000)
  to   space 91136K, 0% used [0x00000000fa700000,0x00000000fa700000,0x0000000100000000)
 ParOldGen       total 200192K, used 111752K [0x00000000a0000000, 0x00000000ac380000, 0x00000000e0000000)
  object space 200192K, 55% used [0x00000000a0000000,0x00000000a6d220b8,0x00000000ac380000)
 Metaspace       used 139008K, capacity 144826K, committed 145112K, reserved 1175552K
  class space    used 18147K, capacity 19410K, committed 19456K, reserved 1048576K
GC Heap History (10 events):
Event: 2940.939 GC heap before
{Heap before GC invocations=27 (full 4):
 PSYoungGen      total 288768K, used 288762K [0x00000000e0000000, 0x00000000f6880000, 0x0000000100000000)
  eden space 248320K, 100% used [0x00000000e0000000,0x00000000ef280000,0x00000000ef280000)
  from space 40448K, 99% used [0x00000000f2480000,0x00000000f4bfeba0,0x00000000f4c00000)
  to   space 51200K, 0% used [0x00000000ef280000,0x00000000ef280000,0x00000000f2480000)
 ParOldGen       total 200192K, used 62650K [0x00000000a0000000, 0x00000000ac380000, 0x00000000e0000000)
  object space 200192K, 31% used [0x00000000a0000000,0x00000000a3d2eaa8,0x00000000ac380000)
 Metaspace       used 118045K, capacity 123290K, committed 123864K, reserved 1157120K
  class space    used 15396K, capacity 16506K, committed 16640K, reserved 1048576K
Event: 2940.984 GC heap after
Heap after GC invocations=27 (full 4):
 PSYoungGen      total 299520K, used 43961K [0x00000000e0000000, 0x00000000f8980000, 0x0000000100000000)
  eden space 248320K, 0% used [0x00000000e0000000,0x00000000e0000000,0x00000000ef280000)
  from space 51200K, 85% used [0x00000000ef280000,0x00000000f1d6e578,0x00000000f2480000)
  to   space 56320K, 0% used [0x00000000f5280000,0x00000000f5280000,0x00000000f8980000)
 ParOldGen       total 200192K, used 62658K [0x00000000a0000000, 0x00000000ac380000, 0x00000000e0000000)
  object space 200192K, 31% used [0x00000000a0000000,0x00000000a3d30aa8,0x00000000ac380000)
 Metaspace       used 118045K, capacity 123290K, committed 123864K, reserved 1157120K
  class space    used 15396K, capacity 16506K, committed 16640K, reserved 1048576K
}
Event: 2945.637 GC heap before
{Heap before GC invocations=28 (full 4):
 PSYoungGen      total 299520K, used 292281K [0x00000000e0000000, 0x00000000f8980000, 0x0000000100000000)
  eden space 248320K, 100% used [0x00000000e0000000,0x00000000ef280000,0x00000000ef280000)
  from space 51200K, 85% used [0x00000000ef280000,0x00000000f1d6e578,0x00000000f2480000)
  to   space 56320K, 0% used [0x00000000f5280000,0x00000000f5280000,0x00000000f8980000)
 ParOldGen       total 200192K, used 62658K [0x00000000a0000000, 0x00000000ac380000, 0x00000000e0000000)
  object space 200192K, 31% used [0x00000000a0000000,0x00000000a3d30aa8,0x00000000ac380000)
 Metaspace       used 133243K, capacity 138898K, committed 139096K, reserved 1169408K
  class space    used 17535K, capacity 18766K, committed 18816K, reserved 1048576K
Event: 2945.738 GC heap after
Heap after GC invocations=28 (full 4):
 PSYoungGen      total 335360K, used 56290K [0x00000000e0000000, 0x00000000fa080000, 0x0000000100000000)
  eden space 279040K, 0% used [0x00000000e0000000,0x00000000e0000000,0x00000000f1080000)
  from space 56320K, 99% used [0x00000000f5280000,0x00000000f8978b60,0x00000000f8980000)
  to   space 67584K, 0% used [0x00000000f1080000,0x00000000f1080000,0x00000000f5280000)
 ParOldGen       total 200192K, used 70627K [0x00000000a0000000, 0x00000000ac380000, 0x00000000e0000000)
  object space 200192K, 35% used [0x00000000a0000000,0x00000000a44f8d58,0x00000000ac380000)
 Metaspace       used 133243K, capacity 138898K, committed 139096K, reserved 1169408K
  class space    used 17535K, capacity 18766K, committed 18816K, reserved 1048576K
}
Event: 2949.233 GC heap before
{Heap before GC invocations=29 (full 4):
 PSYoungGen      total 335360K, used 335330K [0x00000000e0000000, 0x00000000fa080000, 0x0000000100000000)
  eden space 279040K, 100% used [0x00000000e0000000,0x00000000f1080000,0x00000000f1080000)
  from space 56320K, 99% used [0x00000000f5280000,0x00000000f8978b60,0x00000000f8980000)
  to   space 67584K, 0% used [0x00000000f1080000,0x00000000f1080000,0x00000000f5280000)
 ParOldGen       total 200192K, used 70627K [0x00000000a0000000, 0x00000000ac380000, 0x00000000e0000000)
  object space 200192K, 35% used [0x00000000a0000000,0x00000000a44f8d58,0x00000000ac380000)
 Metaspace       used 133925K, capacity 139570K, committed 139864K, reserved 1171456K
  class space    used 17579K, capacity 18798K, committed 18816K, reserved 1048576K
Event: 2949.311 GC heap after
Heap after GC invocations=29 (full 4):
 PSYoungGen      total 346624K, used 43740K [0x00000000e0000000, 0x00000000fbd00000, 0x0000000100000000)
  eden space 279040K, 0% used [0x00000000e0000000,0x00000000e0000000,0x00000000f1080000)
  from space 67584K, 64% used [0x00000000f1080000,0x00000000f3b371c0,0x00000000f5280000)
  to   space 69632K, 0% used [0x00000000f7900000,0x00000000f7900000,0x00000000fbd00000)
 ParOldGen       total 200192K, used 83897K [0x00000000a0000000, 0x00000000ac380000, 0x00000000e0000000)
  object space 200192K, 41% used [0x00000000a0000000,0x00000000a51ee668,0x00000000ac380000)
 Metaspace       used 133925K, capacity 139570K, committed 139864K, reserved 1171456K
  class space    used 17579K, capacity 18798K, committed 18816K, reserved 1048576K
}
Event: 2952.395 GC heap before
{Heap before GC invocations=30 (full 4):
 PSYoungGen      total 346624K, used 321595K [0x00000000e0000000, 0x00000000fbd00000, 0x0000000100000000)
  eden space 279040K, 99% used [0x00000000e0000000,0x00000000f0f57c00,0x00000000f1080000)
  from space 67584K, 64% used [0x00000000f1080000,0x00000000f3b371c0,0x00000000f5280000)
  to   space 69632K, 0% used [0x00000000f7900000,0x00000000f7900000,0x00000000fbd00000)
 ParOldGen       total 200192K, used 83897K [0x00000000a0000000, 0x00000000ac380000, 0x00000000e0000000)
  object space 200192K, 41% used [0x00000000a0000000,0x00000000a51ee668,0x00000000ac380000)
 Metaspace       used 134584K, capacity 140316K, committed 140504K, reserved 1171456K
  class space    used 17681K, capacity 18923K, committed 18944K, reserved 1048576K
Event: 2952.445 GC heap after
Heap after GC invocations=30 (full 4):
 PSYoungGen      total 385024K, used 43159K [0x00000000e0000000, 0x00000000fbd00000, 0x0000000100000000)
  eden space 315392K, 0% used [0x00000000e0000000,0x00000000e0000000,0x00000000f3400000)
  from space 69632K, 61% used [0x00000000f7900000,0x00000000fa325f08,0x00000000fbd00000)
  to   space 70144K, 0% used [0x00000000f3400000,0x00000000f3400000,0x00000000f7880000)
 ParOldGen       total 200192K, used 83905K [0x00000000a0000000, 0x00000000ac380000, 0x00000000e0000000)
  object space 200192K, 41% used [0x00000000a0000000,0x00000000a51f0668,0x00000000ac380000)
 Metaspace       used 134584K, capacity 140316K, committed 140504K, reserved 1171456K
  class space    used 17681K, capacity 18923K, committed 18944K, reserved 1048576K
}
Event: 2959.548 GC heap before
{Heap before GC invocations=31 (full 4):
 PSYoungGen      total 385024K, used 358551K [0x00000000e0000000, 0x00000000fbd00000, 0x0000000100000000)
  eden space 315392K, 100% used [0x00000000e0000000,0x00000000f3400000,0x00000000f3400000)
  from space 69632K, 61% used [0x00000000f7900000,0x00000000fa325f08,0x00000000fbd00000)
  to   space 70144K, 0% used [0x00000000f3400000,0x00000000f3400000,0x00000000f7880000)
 ParOldGen       total 200192K, used 83905K [0x00000000a0000000, 0x00000000ac380000, 0x00000000e0000000)
  object space 200192K, 41% used [0x00000000a0000000,0x00000000a51f0668,0x00000000ac380000)
 Metaspace       used 138575K, capacity 144452K, committed 144600K, reserved 1175552K
  class space    used 18095K, capacity 19363K, committed 19456K, reserved 1048576K
Event: 2959.652 GC heap after
Heap after GC invocations=31 (full 4):
 PSYoungGen      total 385536K, used 70138K [0x00000000e0000000, 0x0000000100000000, 0x0000000100000000)
  eden space 315392K, 0% used [0x00000000e0000000,0x00000000e0000000,0x00000000f3400000)
  from space 70144K, 99% used [0x00000000f3400000,0x00000000f787ebc0,0x00000000f7880000)
  to   space 91136K, 0% used [0x00000000fa700000,0x00000000fa700000,0x0000000100000000)
 ParOldGen       total 200192K, used 111752K [0x00000000a0000000, 0x00000000ac380000, 0x00000000e0000000)
  object space 200192K, 55% used [0x00000000a0000000,0x00000000a6d220b8,0x00000000ac380000)
 Metaspace       used 138575K, capacity 144452K, committed 144600K, reserved 1175552K
  class space    used 18095K, capacity 19363K, committed 19456K, reserved 1048576K
}

